Copyright 1986-2019 Xilinx, Inc. All Rights Reserved.
------------------------------------------------------------------------------------------------------------------------------------
| Tool Version : Vivado v.2019.2 (win64) Build 2708876 Wed Nov  6 21:40:23 MST 2019
| Date         : Tue Nov 28 14:14:43 2023
| Host         : gs21-09 running 64-bit major release  (build 9200)
| Command      : report_drc -file systeme_wrapper_drc_opted.rpt -pb systeme_wrapper_drc_opted.pb -rpx systeme_wrapper_drc_opted.rpx
| Design       : systeme_wrapper
| Device       : xc7z020clg484-1
| Speed File   : -1
| Design State : Fully Placed
------------------------------------------------------------------------------------------------------------------------------------

Report DRC

Table of Contents
-----------------
1. REPORT SUMMARY
2. REPORT DETAILS

1. REPORT SUMMARY
-----------------
            Netlist: netlist
          Floorplan: design_1
      Design limits: <entire design considered>
           Ruledeck: default
             Max violations: <unlimited>
             Violations found: 0
+------+----------+-------------+------------+
| Rule | Severity | Description | Violations |
+------+----------+-------------+------------+
+------+----------+-------------+------------+

2. REPORT DETAILS
-----------------

