14:17:00 INFO  : Launching XSCT server: xsct.bat -n  -interactive C:\Users\ap576391\Documents\Hermann\ESP32_com_vitis\temp_xsdb_launch_script.tcl
14:17:03 INFO  : XSCT server has started successfully.
14:17:03 INFO  : Successfully done setting XSCT server connection channel  
14:17:03 INFO  : plnx-install-location is set to ''
14:17:03 INFO  : Successfully done query RDI_DATADIR 
14:17:03 INFO  : Successfully done setting workspace for the tool. 
14:17:04 INFO  : Registering command handlers for Vitis TCF services
14:17:53 INFO  : Successfully done sdx_reload_mss "C:/Users/ap576391/Documents/Hermann/ESP32_com_vitis/platform/zynq_fsbl/zynq_fsbl_bsp/system.mss"
14:17:53 INFO  : Successfully done sdx_reload_mss "C:/Users/ap576391/Documents/Hermann/ESP32_com_vitis/platform/ps7_cortexa9_0/standalone_domain/bsp/system.mss"
14:19:22 INFO  : Successfully done sdx_reload_mss "C:/Users/ap576391/Documents/Hermann/ESP32_com_vitis/platform/ps7_cortexa9_0/domain/bsp/system.mss"
14:27:47 INFO  : Checking for BSP changes to sync application flags for project 'application'...
14:28:31 INFO  : Checking for BSP changes to sync application flags for project 'application'...
14:30:24 INFO  : Checking for BSP changes to sync application flags for project 'application'...
14:31:31 INFO  : Connected to target on host '127.0.0.1' and port '3121'.
14:31:32 INFO  : Jtag cable 'Digilent Zed 210248553076' is selected.
14:31:32 INFO  : 'jtag frequency' command is executed.
14:31:32 INFO  : Context for 'APU' is selected.
14:31:32 INFO  : System reset is completed.
14:31:35 INFO  : 'after 3000' command is executed.
14:31:35 INFO  : 'targets -set -filter {jtag_cable_name =~ "Digilent Zed 210248553076" && level==0} -index 1' command is executed.
14:31:38 INFO  : FPGA configured successfully with bitstream "C:/Users/ap576391/Documents/Hermann/ESP32_com_vitis/application/_ide/bitstream/systeme_wrapper.bit"
14:31:38 INFO  : Context for 'APU' is selected.
14:31:38 INFO  : Hardware design information is loaded from 'C:/Users/ap576391/Documents/Hermann/ESP32_com_vitis/platform/export/platform/hw/systeme_wrapper.xsa'.
14:31:38 INFO  : 'configparams force-mem-access 1' command is executed.
14:31:38 INFO  : Context for 'APU' is selected.
14:31:38 INFO  : Sourcing of 'C:/Users/ap576391/Documents/Hermann/ESP32_com_vitis/application/_ide/psinit/ps7_init.tcl' is done.
14:31:38 INFO  : 'ps7_init' command is executed.
14:31:38 INFO  : 'ps7_post_config' command is executed.
14:31:38 INFO  : Context for processor 'ps7_cortexa9_0' is selected.
14:31:39 INFO  : The application 'C:/Users/ap576391/Documents/Hermann/ESP32_com_vitis/application/Debug/application.elf' is downloaded to processor 'ps7_cortexa9_0'.
14:31:39 INFO  : 'configparams force-mem-access 0' command is executed.
14:31:39 INFO  : ----------------XSDB Script----------------
connect -url tcp:127.0.0.1:3121
targets -set -nocase -filter {name =~"APU*"}
rst -system
after 3000
targets -set -filter {jtag_cable_name =~ "Digilent Zed 210248553076" && level==0} -index 1
fpga -file C:/Users/ap576391/Documents/Hermann/ESP32_com_vitis/application/_ide/bitstream/systeme_wrapper.bit
targets -set -nocase -filter {name =~"APU*"}
loadhw -hw C:/Users/ap576391/Documents/Hermann/ESP32_com_vitis/platform/export/platform/hw/systeme_wrapper.xsa -mem-ranges [list {0x40000000 0xbfffffff}]
configparams force-mem-access 1
targets -set -nocase -filter {name =~"APU*"}
source C:/Users/ap576391/Documents/Hermann/ESP32_com_vitis/application/_ide/psinit/ps7_init.tcl
ps7_init
ps7_post_config
targets -set -nocase -filter {name =~ "*A9*#0"}
dow C:/Users/ap576391/Documents/Hermann/ESP32_com_vitis/application/Debug/application.elf
configparams force-mem-access 0
----------------End of Script----------------

14:31:39 INFO  : Memory regions updated for context APU
14:31:39 INFO  : Context for processor 'ps7_cortexa9_0' is selected.
14:31:39 INFO  : 'con' command is executed.
14:31:39 INFO  : ----------------XSDB Script (After Launch)----------------
targets -set -nocase -filter {name =~ "*A9*#0"}
con
----------------End of Script----------------

14:31:39 INFO  : Launch script is exported to file 'C:\Users\ap576391\Documents\Hermann\ESP32_com_vitis\.sdk\launch_scripts\single_application_debug\systemdebugger_application_system_standalone.tcl'
14:34:28 INFO  : Disconnected from the channel tcfchan#5.
14:34:28 INFO  : Connected to target on host '127.0.0.1' and port '3121'.
14:34:28 INFO  : Jtag cable 'Digilent Zed 210248553076' is selected.
14:34:28 INFO  : 'jtag frequency' command is executed.
14:34:28 INFO  : Context for 'APU' is selected.
14:34:28 INFO  : System reset is completed.
14:34:31 INFO  : 'after 3000' command is executed.
14:34:31 INFO  : 'targets -set -filter {jtag_cable_name =~ "Digilent Zed 210248553076" && level==0} -index 1' command is executed.
14:34:33 INFO  : FPGA configured successfully with bitstream "C:/Users/ap576391/Documents/Hermann/ESP32_com_vitis/application/_ide/bitstream/systeme_wrapper.bit"
14:34:33 INFO  : Context for 'APU' is selected.
14:34:33 INFO  : Hardware design information is loaded from 'C:/Users/ap576391/Documents/Hermann/ESP32_com_vitis/platform/export/platform/hw/systeme_wrapper.xsa'.
14:34:33 INFO  : 'configparams force-mem-access 1' command is executed.
14:34:34 INFO  : Context for 'APU' is selected.
14:34:34 INFO  : Sourcing of 'C:/Users/ap576391/Documents/Hermann/ESP32_com_vitis/application/_ide/psinit/ps7_init.tcl' is done.
14:34:34 INFO  : 'ps7_init' command is executed.
14:34:34 INFO  : 'ps7_post_config' command is executed.
14:34:34 INFO  : Context for processor 'ps7_cortexa9_0' is selected.
14:34:34 INFO  : The application 'C:/Users/ap576391/Documents/Hermann/ESP32_com_vitis/application/Debug/application.elf' is downloaded to processor 'ps7_cortexa9_0'.
14:34:34 INFO  : 'configparams force-mem-access 0' command is executed.
14:34:34 INFO  : ----------------XSDB Script----------------
connect -url tcp:127.0.0.1:3121
targets -set -nocase -filter {name =~"APU*"}
rst -system
after 3000
targets -set -filter {jtag_cable_name =~ "Digilent Zed 210248553076" && level==0} -index 1
fpga -file C:/Users/ap576391/Documents/Hermann/ESP32_com_vitis/application/_ide/bitstream/systeme_wrapper.bit
targets -set -nocase -filter {name =~"APU*"}
loadhw -hw C:/Users/ap576391/Documents/Hermann/ESP32_com_vitis/platform/export/platform/hw/systeme_wrapper.xsa -mem-ranges [list {0x40000000 0xbfffffff}]
configparams force-mem-access 1
targets -set -nocase -filter {name =~"APU*"}
source C:/Users/ap576391/Documents/Hermann/ESP32_com_vitis/application/_ide/psinit/ps7_init.tcl
ps7_init
ps7_post_config
targets -set -nocase -filter {name =~ "*A9*#0"}
dow C:/Users/ap576391/Documents/Hermann/ESP32_com_vitis/application/Debug/application.elf
configparams force-mem-access 0
----------------End of Script----------------

14:34:35 INFO  : Memory regions updated for context APU
14:34:35 INFO  : Context for processor 'ps7_cortexa9_0' is selected.
14:34:35 INFO  : 'con' command is executed.
14:34:35 INFO  : ----------------XSDB Script (After Launch)----------------
targets -set -nocase -filter {name =~ "*A9*#0"}
con
----------------End of Script----------------

14:34:35 INFO  : Launch script is exported to file 'C:\Users\ap576391\Documents\Hermann\ESP32_com_vitis\.sdk\launch_scripts\single_application_debug\systemdebugger_application_system_standalone.tcl'
14:35:06 INFO  : Disconnected from the channel tcfchan#6.
14:35:06 INFO  : Connected to target on host '127.0.0.1' and port '3121'.
14:35:06 INFO  : Jtag cable 'Digilent Zed 210248553076' is selected.
14:35:06 INFO  : 'jtag frequency' command is executed.
14:35:06 INFO  : Context for 'APU' is selected.
14:35:06 INFO  : System reset is completed.
14:35:09 INFO  : 'after 3000' command is executed.
14:35:09 INFO  : 'targets -set -filter {jtag_cable_name =~ "Digilent Zed 210248553076" && level==0} -index 1' command is executed.
14:35:12 INFO  : FPGA configured successfully with bitstream "C:/Users/ap576391/Documents/Hermann/ESP32_com_vitis/application/_ide/bitstream/systeme_wrapper.bit"
14:35:12 INFO  : Context for 'APU' is selected.
14:35:12 INFO  : Hardware design information is loaded from 'C:/Users/ap576391/Documents/Hermann/ESP32_com_vitis/platform/export/platform/hw/systeme_wrapper.xsa'.
14:35:12 INFO  : 'configparams force-mem-access 1' command is executed.
14:35:12 INFO  : Context for 'APU' is selected.
14:35:12 INFO  : Sourcing of 'C:/Users/ap576391/Documents/Hermann/ESP32_com_vitis/application/_ide/psinit/ps7_init.tcl' is done.
14:35:12 INFO  : 'ps7_init' command is executed.
14:35:12 INFO  : 'ps7_post_config' command is executed.
14:35:12 INFO  : Context for processor 'ps7_cortexa9_0' is selected.
14:35:12 INFO  : The application 'C:/Users/ap576391/Documents/Hermann/ESP32_com_vitis/application/Debug/application.elf' is downloaded to processor 'ps7_cortexa9_0'.
14:35:12 INFO  : 'configparams force-mem-access 0' command is executed.
14:35:12 INFO  : ----------------XSDB Script----------------
connect -url tcp:127.0.0.1:3121
targets -set -nocase -filter {name =~"APU*"}
rst -system
after 3000
targets -set -filter {jtag_cable_name =~ "Digilent Zed 210248553076" && level==0} -index 1
fpga -file C:/Users/ap576391/Documents/Hermann/ESP32_com_vitis/application/_ide/bitstream/systeme_wrapper.bit
targets -set -nocase -filter {name =~"APU*"}
loadhw -hw C:/Users/ap576391/Documents/Hermann/ESP32_com_vitis/platform/export/platform/hw/systeme_wrapper.xsa -mem-ranges [list {0x40000000 0xbfffffff}]
configparams force-mem-access 1
targets -set -nocase -filter {name =~"APU*"}
source C:/Users/ap576391/Documents/Hermann/ESP32_com_vitis/application/_ide/psinit/ps7_init.tcl
ps7_init
ps7_post_config
targets -set -nocase -filter {name =~ "*A9*#0"}
dow C:/Users/ap576391/Documents/Hermann/ESP32_com_vitis/application/Debug/application.elf
configparams force-mem-access 0
----------------End of Script----------------

14:35:13 INFO  : Memory regions updated for context APU
14:35:13 INFO  : Context for processor 'ps7_cortexa9_0' is selected.
14:35:13 INFO  : 'con' command is executed.
14:35:13 INFO  : ----------------XSDB Script (After Launch)----------------
targets -set -nocase -filter {name =~ "*A9*#0"}
con
----------------End of Script----------------

14:35:13 INFO  : Launch script is exported to file 'C:\Users\ap576391\Documents\Hermann\ESP32_com_vitis\.sdk\launch_scripts\single_application_debug\systemdebugger_application_system_standalone.tcl'
14:36:38 INFO  : Checking for BSP changes to sync application flags for project 'application'...
14:36:57 INFO  : Checking for BSP changes to sync application flags for project 'application'...
14:37:12 INFO  : Checking for BSP changes to sync application flags for project 'application'...
14:37:23 INFO  : Checking for BSP changes to sync application flags for project 'application'...
14:46:31 INFO  : Checking for BSP changes to sync application flags for project 'application'...
14:46:47 INFO  : Checking for BSP changes to sync application flags for project 'application'...
14:47:13 INFO  : Disconnected from the channel tcfchan#7.
14:47:14 INFO  : Connected to target on host '127.0.0.1' and port '3121'.
14:47:14 INFO  : Jtag cable 'Digilent Zed 210248553076' is selected.
14:47:14 INFO  : 'jtag frequency' command is executed.
14:47:14 INFO  : Context for 'APU' is selected.
14:47:14 INFO  : System reset is completed.
14:47:17 INFO  : 'after 3000' command is executed.
14:47:17 INFO  : 'targets -set -filter {jtag_cable_name =~ "Digilent Zed 210248553076" && level==0} -index 1' command is executed.
14:47:20 INFO  : FPGA configured successfully with bitstream "C:/Users/ap576391/Documents/Hermann/ESP32_com_vitis/application/_ide/bitstream/systeme_wrapper.bit"
14:47:20 INFO  : Context for 'APU' is selected.
14:47:20 INFO  : Hardware design information is loaded from 'C:/Users/ap576391/Documents/Hermann/ESP32_com_vitis/platform/export/platform/hw/systeme_wrapper.xsa'.
14:47:20 INFO  : 'configparams force-mem-access 1' command is executed.
14:47:20 INFO  : Context for 'APU' is selected.
14:47:20 INFO  : Sourcing of 'C:/Users/ap576391/Documents/Hermann/ESP32_com_vitis/application/_ide/psinit/ps7_init.tcl' is done.
14:47:20 INFO  : 'ps7_init' command is executed.
14:47:20 INFO  : 'ps7_post_config' command is executed.
14:47:20 INFO  : Context for processor 'ps7_cortexa9_0' is selected.
14:47:21 INFO  : The application 'C:/Users/ap576391/Documents/Hermann/ESP32_com_vitis/application/Debug/application.elf' is downloaded to processor 'ps7_cortexa9_0'.
14:47:21 INFO  : 'configparams force-mem-access 0' command is executed.
14:47:21 INFO  : ----------------XSDB Script----------------
connect -url tcp:127.0.0.1:3121
targets -set -nocase -filter {name =~"APU*"}
rst -system
after 3000
targets -set -filter {jtag_cable_name =~ "Digilent Zed 210248553076" && level==0} -index 1
fpga -file C:/Users/ap576391/Documents/Hermann/ESP32_com_vitis/application/_ide/bitstream/systeme_wrapper.bit
targets -set -nocase -filter {name =~"APU*"}
loadhw -hw C:/Users/ap576391/Documents/Hermann/ESP32_com_vitis/platform/export/platform/hw/systeme_wrapper.xsa -mem-ranges [list {0x40000000 0xbfffffff}]
configparams force-mem-access 1
targets -set -nocase -filter {name =~"APU*"}
source C:/Users/ap576391/Documents/Hermann/ESP32_com_vitis/application/_ide/psinit/ps7_init.tcl
ps7_init
ps7_post_config
targets -set -nocase -filter {name =~ "*A9*#0"}
dow C:/Users/ap576391/Documents/Hermann/ESP32_com_vitis/application/Debug/application.elf
configparams force-mem-access 0
----------------End of Script----------------

14:47:21 INFO  : Memory regions updated for context APU
14:47:21 INFO  : Context for processor 'ps7_cortexa9_0' is selected.
14:47:21 INFO  : 'con' command is executed.
14:47:21 INFO  : ----------------XSDB Script (After Launch)----------------
targets -set -nocase -filter {name =~ "*A9*#0"}
con
----------------End of Script----------------

14:47:21 INFO  : Launch script is exported to file 'C:\Users\ap576391\Documents\Hermann\ESP32_com_vitis\.sdk\launch_scripts\single_application_debug\systemdebugger_application_system_standalone.tcl'
14:47:49 INFO  : Checking for BSP changes to sync application flags for project 'application'...
14:47:54 INFO  : Disconnected from the channel tcfchan#14.
14:47:54 INFO  : Connected to target on host '127.0.0.1' and port '3121'.
14:47:54 INFO  : Jtag cable 'Digilent Zed 210248553076' is selected.
14:47:54 INFO  : 'jtag frequency' command is executed.
14:47:54 INFO  : Context for 'APU' is selected.
14:47:54 INFO  : System reset is completed.
14:47:57 INFO  : 'after 3000' command is executed.
14:47:58 INFO  : 'targets -set -filter {jtag_cable_name =~ "Digilent Zed 210248553076" && level==0} -index 1' command is executed.
14:48:00 INFO  : FPGA configured successfully with bitstream "C:/Users/ap576391/Documents/Hermann/ESP32_com_vitis/application/_ide/bitstream/systeme_wrapper.bit"
14:48:00 INFO  : Context for 'APU' is selected.
14:48:00 INFO  : Hardware design information is loaded from 'C:/Users/ap576391/Documents/Hermann/ESP32_com_vitis/platform/export/platform/hw/systeme_wrapper.xsa'.
14:48:00 INFO  : 'configparams force-mem-access 1' command is executed.
14:48:00 INFO  : Context for 'APU' is selected.
14:48:00 INFO  : Sourcing of 'C:/Users/ap576391/Documents/Hermann/ESP32_com_vitis/application/_ide/psinit/ps7_init.tcl' is done.
14:48:00 INFO  : 'ps7_init' command is executed.
14:48:00 INFO  : 'ps7_post_config' command is executed.
14:48:00 INFO  : Context for processor 'ps7_cortexa9_0' is selected.
14:48:01 INFO  : The application 'C:/Users/ap576391/Documents/Hermann/ESP32_com_vitis/application/Debug/application.elf' is downloaded to processor 'ps7_cortexa9_0'.
14:48:01 INFO  : 'configparams force-mem-access 0' command is executed.
14:48:01 INFO  : ----------------XSDB Script----------------
connect -url tcp:127.0.0.1:3121
targets -set -nocase -filter {name =~"APU*"}
rst -system
after 3000
targets -set -filter {jtag_cable_name =~ "Digilent Zed 210248553076" && level==0} -index 1
fpga -file C:/Users/ap576391/Documents/Hermann/ESP32_com_vitis/application/_ide/bitstream/systeme_wrapper.bit
targets -set -nocase -filter {name =~"APU*"}
loadhw -hw C:/Users/ap576391/Documents/Hermann/ESP32_com_vitis/platform/export/platform/hw/systeme_wrapper.xsa -mem-ranges [list {0x40000000 0xbfffffff}]
configparams force-mem-access 1
targets -set -nocase -filter {name =~"APU*"}
source C:/Users/ap576391/Documents/Hermann/ESP32_com_vitis/application/_ide/psinit/ps7_init.tcl
ps7_init
ps7_post_config
targets -set -nocase -filter {name =~ "*A9*#0"}
dow C:/Users/ap576391/Documents/Hermann/ESP32_com_vitis/application/Debug/application.elf
configparams force-mem-access 0
----------------End of Script----------------

14:48:01 INFO  : Memory regions updated for context APU
14:48:01 INFO  : Context for processor 'ps7_cortexa9_0' is selected.
14:48:01 INFO  : 'con' command is executed.
14:48:01 INFO  : ----------------XSDB Script (After Launch)----------------
targets -set -nocase -filter {name =~ "*A9*#0"}
con
----------------End of Script----------------

14:48:01 INFO  : Launch script is exported to file 'C:\Users\ap576391\Documents\Hermann\ESP32_com_vitis\.sdk\launch_scripts\single_application_debug\systemdebugger_application_system_standalone.tcl'
14:49:24 INFO  : Checking for BSP changes to sync application flags for project 'application'...
14:49:37 INFO  : Disconnected from the channel tcfchan#15.
14:49:37 INFO  : Connected to target on host '127.0.0.1' and port '3121'.
14:49:37 INFO  : Jtag cable 'Digilent Zed 210248553076' is selected.
14:49:37 INFO  : 'jtag frequency' command is executed.
14:49:37 INFO  : Context for 'APU' is selected.
14:49:37 INFO  : System reset is completed.
14:49:40 INFO  : 'after 3000' command is executed.
14:49:40 INFO  : 'targets -set -filter {jtag_cable_name =~ "Digilent Zed 210248553076" && level==0} -index 1' command is executed.
14:49:43 INFO  : FPGA configured successfully with bitstream "C:/Users/ap576391/Documents/Hermann/ESP32_com_vitis/application/_ide/bitstream/systeme_wrapper.bit"
14:49:43 INFO  : Context for 'APU' is selected.
14:49:43 INFO  : Hardware design information is loaded from 'C:/Users/ap576391/Documents/Hermann/ESP32_com_vitis/platform/export/platform/hw/systeme_wrapper.xsa'.
14:49:43 INFO  : 'configparams force-mem-access 1' command is executed.
14:49:43 INFO  : Context for 'APU' is selected.
14:49:43 INFO  : Sourcing of 'C:/Users/ap576391/Documents/Hermann/ESP32_com_vitis/application/_ide/psinit/ps7_init.tcl' is done.
14:49:43 INFO  : 'ps7_init' command is executed.
14:49:43 INFO  : 'ps7_post_config' command is executed.
14:49:43 INFO  : Context for processor 'ps7_cortexa9_0' is selected.
14:49:43 INFO  : The application 'C:/Users/ap576391/Documents/Hermann/ESP32_com_vitis/application/Debug/application.elf' is downloaded to processor 'ps7_cortexa9_0'.
14:49:44 INFO  : 'configparams force-mem-access 0' command is executed.
14:49:44 INFO  : ----------------XSDB Script----------------
connect -url tcp:127.0.0.1:3121
targets -set -nocase -filter {name =~"APU*"}
rst -system
after 3000
targets -set -filter {jtag_cable_name =~ "Digilent Zed 210248553076" && level==0} -index 1
fpga -file C:/Users/ap576391/Documents/Hermann/ESP32_com_vitis/application/_ide/bitstream/systeme_wrapper.bit
targets -set -nocase -filter {name =~"APU*"}
loadhw -hw C:/Users/ap576391/Documents/Hermann/ESP32_com_vitis/platform/export/platform/hw/systeme_wrapper.xsa -mem-ranges [list {0x40000000 0xbfffffff}]
configparams force-mem-access 1
targets -set -nocase -filter {name =~"APU*"}
source C:/Users/ap576391/Documents/Hermann/ESP32_com_vitis/application/_ide/psinit/ps7_init.tcl
ps7_init
ps7_post_config
targets -set -nocase -filter {name =~ "*A9*#0"}
dow C:/Users/ap576391/Documents/Hermann/ESP32_com_vitis/application/Debug/application.elf
configparams force-mem-access 0
----------------End of Script----------------

14:49:44 INFO  : Memory regions updated for context APU
14:49:44 INFO  : Context for processor 'ps7_cortexa9_0' is selected.
14:49:44 INFO  : 'con' command is executed.
14:49:44 INFO  : ----------------XSDB Script (After Launch)----------------
targets -set -nocase -filter {name =~ "*A9*#0"}
con
----------------End of Script----------------

14:49:44 INFO  : Launch script is exported to file 'C:\Users\ap576391\Documents\Hermann\ESP32_com_vitis\.sdk\launch_scripts\single_application_debug\systemdebugger_application_system_standalone.tcl'
14:55:01 INFO  : Checking for BSP changes to sync application flags for project 'application2'...
14:55:12 INFO  : Connected to target on host '127.0.0.1' and port '3121'.
14:55:12 INFO  : Jtag cable 'Digilent Zed 210248553076' is selected.
14:55:12 INFO  : 'jtag frequency' command is executed.
14:55:12 INFO  : Context for 'APU' is selected.
14:55:12 INFO  : System reset is completed.
14:55:15 INFO  : 'after 3000' command is executed.
14:55:16 INFO  : 'targets -set -filter {jtag_cable_name =~ "Digilent Zed 210248553076" && level==0} -index 1' command is executed.
14:55:18 INFO  : FPGA configured successfully with bitstream "C:/Users/ap576391/Documents/Hermann/ESP32_com_vitis/application2/_ide/bitstream/systeme_wrapper.bit"
14:55:18 INFO  : Context for 'APU' is selected.
14:55:18 INFO  : Hardware design information is loaded from 'C:/Users/ap576391/Documents/Hermann/ESP32_com_vitis/platform/export/platform/hw/systeme_wrapper.xsa'.
14:55:18 INFO  : 'configparams force-mem-access 1' command is executed.
14:55:18 INFO  : Context for 'APU' is selected.
14:55:18 INFO  : Sourcing of 'C:/Users/ap576391/Documents/Hermann/ESP32_com_vitis/application2/_ide/psinit/ps7_init.tcl' is done.
14:55:18 INFO  : 'ps7_init' command is executed.
14:55:18 INFO  : 'ps7_post_config' command is executed.
14:55:18 INFO  : Context for processor 'ps7_cortexa9_0' is selected.
14:55:18 INFO  : The application 'C:/Users/ap576391/Documents/Hermann/ESP32_com_vitis/application2/Debug/application2.elf' is downloaded to processor 'ps7_cortexa9_0'.
14:55:18 INFO  : 'configparams force-mem-access 0' command is executed.
14:55:18 INFO  : ----------------XSDB Script----------------
connect -url tcp:127.0.0.1:3121
targets -set -nocase -filter {name =~"APU*"}
rst -system
after 3000
targets -set -filter {jtag_cable_name =~ "Digilent Zed 210248553076" && level==0} -index 1
fpga -file C:/Users/ap576391/Documents/Hermann/ESP32_com_vitis/application2/_ide/bitstream/systeme_wrapper.bit
targets -set -nocase -filter {name =~"APU*"}
loadhw -hw C:/Users/ap576391/Documents/Hermann/ESP32_com_vitis/platform/export/platform/hw/systeme_wrapper.xsa -mem-ranges [list {0x40000000 0xbfffffff}]
configparams force-mem-access 1
targets -set -nocase -filter {name =~"APU*"}
source C:/Users/ap576391/Documents/Hermann/ESP32_com_vitis/application2/_ide/psinit/ps7_init.tcl
ps7_init
ps7_post_config
targets -set -nocase -filter {name =~ "*A9*#0"}
dow C:/Users/ap576391/Documents/Hermann/ESP32_com_vitis/application2/Debug/application2.elf
configparams force-mem-access 0
----------------End of Script----------------

14:55:19 INFO  : Memory regions updated for context APU
14:55:19 INFO  : Context for processor 'ps7_cortexa9_0' is selected.
14:55:19 INFO  : 'con' command is executed.
14:55:19 INFO  : ----------------XSDB Script (After Launch)----------------
targets -set -nocase -filter {name =~ "*A9*#0"}
con
----------------End of Script----------------

14:55:19 INFO  : Launch script is exported to file 'C:\Users\ap576391\Documents\Hermann\ESP32_com_vitis\.sdk\launch_scripts\single_application_debug\systemdebugger_application2_system_standalone.tcl'
14:55:44 INFO  : Disconnected from the channel tcfchan#17.
14:55:46 WARN  : channel "tcfchan#17" closed
14:55:47 INFO  : Connected to target on host '127.0.0.1' and port '3121'.
14:55:47 INFO  : Jtag cable 'Digilent Zed 210248553076' is selected.
14:55:47 INFO  : 'jtag frequency' command is executed.
14:55:47 INFO  : Context for 'APU' is selected.
14:55:47 INFO  : System reset is completed.
14:55:50 INFO  : 'after 3000' command is executed.
14:55:50 INFO  : 'targets -set -filter {jtag_cable_name =~ "Digilent Zed 210248553076" && level==0} -index 1' command is executed.
14:55:52 INFO  : FPGA configured successfully with bitstream "C:/Users/ap576391/Documents/Hermann/ESP32_com_vitis/application2/_ide/bitstream/systeme_wrapper.bit"
14:55:52 INFO  : Context for 'APU' is selected.
14:55:52 INFO  : Hardware design information is loaded from 'C:/Users/ap576391/Documents/Hermann/ESP32_com_vitis/platform/export/platform/hw/systeme_wrapper.xsa'.
14:55:52 INFO  : 'configparams force-mem-access 1' command is executed.
14:55:52 INFO  : Context for 'APU' is selected.
14:55:52 INFO  : Sourcing of 'C:/Users/ap576391/Documents/Hermann/ESP32_com_vitis/application2/_ide/psinit/ps7_init.tcl' is done.
14:55:53 INFO  : 'ps7_init' command is executed.
14:55:53 INFO  : 'ps7_post_config' command is executed.
14:55:53 INFO  : Context for processor 'ps7_cortexa9_0' is selected.
14:55:53 INFO  : The application 'C:/Users/ap576391/Documents/Hermann/ESP32_com_vitis/application2/Debug/application2.elf' is downloaded to processor 'ps7_cortexa9_0'.
14:55:53 INFO  : 'configparams force-mem-access 0' command is executed.
14:55:53 INFO  : ----------------XSDB Script----------------
connect -url tcp:127.0.0.1:3121
targets -set -nocase -filter {name =~"APU*"}
rst -system
after 3000
targets -set -filter {jtag_cable_name =~ "Digilent Zed 210248553076" && level==0} -index 1
fpga -file C:/Users/ap576391/Documents/Hermann/ESP32_com_vitis/application2/_ide/bitstream/systeme_wrapper.bit
targets -set -nocase -filter {name =~"APU*"}
loadhw -hw C:/Users/ap576391/Documents/Hermann/ESP32_com_vitis/platform/export/platform/hw/systeme_wrapper.xsa -mem-ranges [list {0x40000000 0xbfffffff}]
configparams force-mem-access 1
targets -set -nocase -filter {name =~"APU*"}
source C:/Users/ap576391/Documents/Hermann/ESP32_com_vitis/application2/_ide/psinit/ps7_init.tcl
ps7_init
ps7_post_config
targets -set -nocase -filter {name =~ "*A9*#0"}
dow C:/Users/ap576391/Documents/Hermann/ESP32_com_vitis/application2/Debug/application2.elf
configparams force-mem-access 0
----------------End of Script----------------

14:55:53 INFO  : Memory regions updated for context APU
14:55:53 INFO  : Context for processor 'ps7_cortexa9_0' is selected.
14:55:53 INFO  : 'con' command is executed.
14:55:53 INFO  : ----------------XSDB Script (After Launch)----------------
targets -set -nocase -filter {name =~ "*A9*#0"}
con
----------------End of Script----------------

14:55:53 INFO  : Launch script is exported to file 'C:\Users\ap576391\Documents\Hermann\ESP32_com_vitis\.sdk\launch_scripts\single_application_debug\systemdebugger_application2_system_standalone.tcl'
14:58:01 INFO  : Disconnected from the channel tcfchan#19.
