Copyright 1986-2019 Xilinx, Inc. All Rights Reserved.
------------------------------------------------------------------------------------
| Tool Version : Vivado v.2019.2 (win64) Build 2708876 Wed Nov  6 21:40:23 MST 2019
| Date         : Tue Nov 28 13:46:17 2023
| Host         : gs21-09 running 64-bit major release  (build 9200)
| Command      : upgrade_ip
| Device       : xc7z020clg484-1
------------------------------------------------------------------------------------

Upgrade Log for IP 'systeme_PmodESP32_0_0'

1. Summary
----------

SUCCESS in the conversion of systeme_PmodESP32_0_0 (digilentinc.com:user:PmodESP32:1.0 (Rev. 18)) to Vivado generation flows.






Copyright 1986-2019 Xilinx, Inc. All Rights Reserved.
------------------------------------------------------------------------------------
| Tool Version : Vivado v.2019.2 (win64) Build 2708876 Wed Nov  6 21:40:23 MST 2019
| Date         : Tue Nov 28 13:45:41 2023
| Host         : gs21-09 running 64-bit major release  (build 9200)
| Command      : upgrade_ip
| Device       : xc7z020clg484-1
------------------------------------------------------------------------------------

Upgrade Log for IP 'systeme_PmodESP32_0_0'

1. Summary
----------

SUCCESS in the conversion of systeme_PmodESP32_0_0 (digilentinc.com:user:PmodESP32:1.0 (Rev. 18)) to Vivado generation flows.






Copyright 1986-2019 Xilinx, Inc. All Rights Reserved.
------------------------------------------------------------------------------------
| Tool Version : Vivado v.2019.2 (win64) Build 2708876 Wed Nov  6 21:40:23 MST 2019
| Date         : Tue Nov 28 13:44:49 2023
| Host         : gs21-09 running 64-bit major release  (build 9200)
| Command      : upgrade_ip
| Device       : xc7z020clg484-1
------------------------------------------------------------------------------------

Upgrade Log for IP 'systeme_PmodESP32_0_0'

1. Summary
----------

SUCCESS in the upgrade of systeme_PmodESP32_0_0 (digilentinc.com:user:PmodESP32:1.0) from (Rev. 17) to (Rev. 18)

