TRACE::2023-11-28.14:46:35::SCWBifWriter::Found the complete platform C:/Users/ap576391/Documents/Hermann/ESP32_com_vitis/platform/export/platform/platform.xpfm
TRACE::2023-11-28.14:46:35::SCWBifWriter::hardware databse : systeme_wrapper_2
TRACE::2023-11-28.14:46:35::SCWBifWriter::bitstream found in the design
TRACE::2023-11-28.14:46:35::SCWBifWriter::Found a baremetal domain, proc: ps7_cortexa9_0
TRACE::2023-11-28.14:46:35::SCWBifWriter::proc type : 
TRACE::2023-11-28.14:46:35::SCWBifWriter::proc[0] : ps7_cortexa9_0
TRACE::2023-11-28.14:46:35::SCWBifWriter::Device type is : zynq
TRACE::2023-11-28.14:46:35::SCWBifWriter::Writing BIF to file : C:/Users/ap576391/Documents/Hermann/ESP32_com_vitis/application_system/Debug/system.bif
TRACE::2023-11-28.14:46:35::SCWBifWriter::Writing the Zynq Baremetal bif 
TRACE::2023-11-28.14:46:51::SCWBifWriter::Found the complete platform C:/Users/ap576391/Documents/Hermann/ESP32_com_vitis/platform/export/platform/platform.xpfm
TRACE::2023-11-28.14:46:51::SCWBifWriter::hardware databse : systeme_wrapper_2
TRACE::2023-11-28.14:46:51::SCWBifWriter::bitstream found in the design
TRACE::2023-11-28.14:46:51::SCWBifWriter::Found a baremetal domain, proc: ps7_cortexa9_0
TRACE::2023-11-28.14:46:51::SCWBifWriter::proc type : 
TRACE::2023-11-28.14:46:51::SCWBifWriter::proc[0] : ps7_cortexa9_0
TRACE::2023-11-28.14:46:51::SCWBifWriter::Device type is : zynq
TRACE::2023-11-28.14:46:51::SCWBifWriter::Writing BIF to file : C:/Users/ap576391/Documents/Hermann/ESP32_com_vitis/application_system/Debug/system.bif
TRACE::2023-11-28.14:46:51::SCWBifWriter::Writing the Zynq Baremetal bif 
TRACE::2023-11-28.14:49:28::SCWBifWriter::Found the complete platform C:/Users/ap576391/Documents/Hermann/ESP32_com_vitis/platform/export/platform/platform.xpfm
TRACE::2023-11-28.14:49:28::SCWBifWriter::hardware databse : systeme_wrapper_2
TRACE::2023-11-28.14:49:28::SCWBifWriter::bitstream found in the design
TRACE::2023-11-28.14:49:28::SCWBifWriter::Found a baremetal domain, proc: ps7_cortexa9_0
TRACE::2023-11-28.14:49:28::SCWBifWriter::proc type : 
TRACE::2023-11-28.14:49:28::SCWBifWriter::proc[0] : ps7_cortexa9_0
TRACE::2023-11-28.14:49:28::SCWBifWriter::Device type is : zynq
TRACE::2023-11-28.14:49:28::SCWBifWriter::Writing BIF to file : C:/Users/ap576391/Documents/Hermann/ESP32_com_vitis/application_system/Debug/system.bif
TRACE::2023-11-28.14:49:28::SCWBifWriter::Writing the Zynq Baremetal bif 
